<?xml version="1.0" encoding="UTF-8"?>
<!-- Generated by org.testng.reporters.JUnitXMLReporter -->
<testsuite ignored="0" hostname="LAPTOP-PLNO5R2G" failures="0" tests="13" name="RediffTest" time="80.331" errors="0" timestamp="2023-04-02T01:07:30 PDT">
  <testcase classname="com.qa.rediff.testcases.LandingPageTest" name="validateCurrentUrlActualTitle" time="0.081"/>
  <testcase classname="com.qa.rediff.testcases.LandingPageTest" name="rediffLogoPresence" time="0.139"/>
  <testcase classname="com.qa.rediff.testcases.LandingPageTest" name="SignInLinkPresence" time="0.137"/>
  <testcase classname="com.qa.rediff.testcases.LoginPageTest" name="logInWithValidCredentials" time="4.917"/>
  <testcase classname="com.qa.rediff.testcases.LoginPageTest" name="logInWithValidCredentials" time="4.806"/>
  <testcase classname="com.qa.rediff.testcases.LoginPageTest" name="logInWithValidCredentials" time="5.234"/>
  <testcase classname="com.qa.rediff.testcases.LoginPageTest" name="logInWithInvalidCredentials" time="0.876"/>
  <testcase classname="com.qa.rediff.testcases.LoginPageTest" name="logInWithValidEmailInvalidPassword" time="0.564"/>
  <testcase classname="com.qa.rediff.testcases.LoginPageTest" name="logInWithInvalidEmailValidPassword" time="0.881"/>
  <testcase classname="com.qa.rediff.testcases.LoginPageTest" name="logInWithNoCredentials" time="0.094"/>
  <testcase classname="com.qa.rediff.testcases.InboxPageTest" name="clickOnSignInLink" time="1.706"/>
  <testcase classname="com.qa.rediff.testcases.LogOutConfirmationPageTest" name="logOutconfirmationMessagePresence" time="1.865"/>
  <testcase classname="com.qa.rediff.testcases.HomePageTest" name="presenceofRediffLogo" time="0.619"/>
</testsuite> <!-- RediffTest -->
