<?xml version="1.0" encoding="UTF-8"?>
<testng-results ignored="0" total="1" passed="1" failed="0" skipped="0">
  <reporter-output>
  </reporter-output>
  <suite started-at="2023-04-02T01:14:13 PDT" name="Default suite" finished-at="2023-04-02T01:14:18 PDT" duration-ms="4656">
    <groups>
    </groups>
    <test started-at="2023-04-02T01:14:13 PDT" name="Default test" finished-at="2023-04-02T01:14:18 PDT" duration-ms="4656">
      <class name="com.qa.rediff.testcases.InboxPageTest">
        <test-method is-config="true" signature="launchurl()[pri:0, instance:com.qa.rediff.testcases.InboxPageTest@63376bed]" started-at="2023-04-02T01:14:13 PDT" name="launchurl" finished-at="2023-04-02T01:14:15 PDT" duration-ms="2303" status="PASS">
          <reporter-output>
          </reporter-output>
        </test-method> <!-- launchurl -->
        <test-method signature="clickOnSignInLink()[pri:1, instance:com.qa.rediff.testcases.InboxPageTest@63376bed]" started-at="2023-04-02T01:14:15 PDT" name="clickOnSignInLink" finished-at="2023-04-02T01:14:17 PDT" duration-ms="1692" status="PASS">
          <reporter-output>
          </reporter-output>
        </test-method> <!-- clickOnSignInLink -->
        <test-method is-config="true" signature="tearDown()[pri:0, instance:com.qa.rediff.testcases.InboxPageTest@63376bed]" started-at="2023-04-02T01:14:17 PDT" name="tearDown" finished-at="2023-04-02T01:14:18 PDT" duration-ms="633" status="PASS">
          <reporter-output>
          </reporter-output>
        </test-method> <!-- tearDown -->
      </class> <!-- com.qa.rediff.testcases.InboxPageTest -->
    </test> <!-- Default test -->
  </suite> <!-- Default suite -->
</testng-results>
